=== START 2026-05-11 21:01:03 task=tasks/task_extragam_accounts.txt ===
provider: True

=== TURN 1 [21:01:03] ===
chars: 800
  [device_ctrl] apps
  CONT: Re-attempting to get the list of installed applications. I expect to see a list 

=== TURN 2 [21:01:45] ===
chars: 413
  [device_ctrl] launch:pkg=com.exteragram.messenger
  CONT: ExtraGram should now be launching. After a short wait, I will take a screenshot 

=== TURN 3 [21:02:13] ===
chars: 412
  [device_ctrl] wait:ms=3000
  CONT: Waiting for the app to load. After the wait, I will capture a screenshot and ana

=== TURN 4 [21:02:40] ===
chars: 464
  [device_ctrl] screenshot:q=сколько telegram аккаунтов настроено на экране? Если видны номера т
  CONT: Screenshot captured and sent for analysis. I expect a description of the screen 

=== TURN 5 [21:03:05] ===
chars: 714
  [device_ctrl] ui_dump
  CONT: Vision model is not set, so I will get the UI XML dump. I expect to receive the 

=== TURN 6 [21:03:33] ===
chars: 1020
  [device_ctrl] press:key=back
  CONT: Pressed the back button. I expect to go to the previous screen, likely the main 

=== TURN 7 [21:03:56] ===
chars: 368
  [device_ctrl] ui_dump
  CONT: UI dump requested for the new screen. I will analyze the output for any elements

=== TURN 8 [21:04:23] ===
chars: 1232
  [device_ctrl] tap:x=234:y=194
  CONT: Tapping the profile picture. I expect this to open a menu or an account details 

=== TURN 9 [21:04:48] ===
chars: 382
  [device_ctrl] wait:ms=2000
  CONT: Waiting for the screen to update. After the wait, I will perform a UI dump to an

=== TURN 10 [21:05:14] ===
chars: 332
  [device_ctrl] ui_dump
  CONT: UI dump requested for the new screen. I will analyze the output for any elements

=== TURN 11 [21:05:40] ===
chars: 1354
  [device_ctrl] press:key=back
  CONT: Pressing back to exit the current dialog. After that, I will take another UI dum

=== TURN 12 [21:06:04] ===
chars: 662
  [device_ctrl] ui_dump
  CONT: UI dump requested. I expect to be back in ExtraGram. I will analyze the UI dump 

=== TURN 13 [21:06:30] ===
chars: 656
  [device_ctrl] launch:pkg=com.exteragram.messenger
  CONT: Relaunching ExtraGram. After the app launches and I wait for it to load, I will 

=== TURN 14 [21:06:55] ===
chars: 666
  [device_ctrl] wait:ms=3000
  CONT: Waiting for ExtraGram to load. After the wait, I will perform a UI dump to analy

=== TURN 15 [21:07:32] ===
chars: 630
  [device_ctrl] ui_dump
  CONT: UI dump requested. I will analyze the output to find a way to navigate to accoun

=== TURN 16 [21:09:04] ===
chars: 1337
  [device_ctrl] launch:pkg=com.exteragram.messenger
  CONT: Relaunching ExtraGram. After a very short wait, I will take a raw screenshot to 

=== TURN 17 [21:09:33] ===
chars: 560
  [device_ctrl] wait:ms=1000
  CONT: Waiting for 1 second. After that, I will take a raw screenshot to verify that Ex

=== TURN 18 [21:09:58] ===
chars: 419
  [device_ctrl] screenshot
  CONT: Taking a raw screenshot. I expect to see an image of the device's screen. I will

=== TURN 19 [21:10:24] ===
chars: 1376
  [device_ctrl] launch:pkg=com.exteragram.messenger
  CONT: Relaunching ExtraGram. After a wait, I will use `adb shell dumpsys activity top`

=== TURN 20 [21:10:55] ===
chars: 526
  [verify-nudge] [VERIFY] Не вижу вывода команды для: ['launched']. Покажи реальный результат.
  CONT: Waiting for ExtraGram to load. After the wait, I will execute `adb shell dumpsys

=== TURN 21 [21:11:36] ===
chars: 680
  [cmd] adb shell dumpsys activity top | grep -i "ACTIVITY"
  CONT: Executing `adb shell dumpsys activity top` to get the currently focused activity

=== TURN 22 [21:12:04] ===
chars: 881
  [device_ctrl] ui_dump
  CONT: ExtraGram is confirmed to be the top activity. I will now perform a `ui_dump` to

=== TURN 23 [21:12:39] ===
chars: 1034
  [device_ctrl] tap_text:text=Подключить
  CONT: Tapping "Подключить". I expect this to initiate an account connection process or

=== TURN 24 [21:13:11] ===
chars: 468
  [device_ctrl] wait:ms=3000
  CONT: Waiting for the screen to update after tapping "Connect". After the wait, I will

=== TURN 25 [21:13:42] ===
chars: 325
  [device_ctrl] ui_dump
  CONT: UI dump requested. I will analyze the output for any elements that indicate an a

=== TURN 26 [21:14:15] ===
chars: 2087
  [device_ctrl] tap:x=100:y=100
  CONT: Tapping the top-left corner where a hamburger menu might be. After the tap, I wi

=== TURN 27 [21:14:49] ===
chars: 422
  [device_ctrl] wait:ms=2000
  CONT: Waiting for any menu to appear. After the wait, I will perform a UI dump to anal

=== TURN 28 [21:15:17] ===
chars: 348
  [device_ctrl] ui_dump
  CONT: UI dump requested. I will carefully examine the output for a side navigation men

=== TURN 29 [21:15:58] ===
chars: 1381
  [device_ctrl] ui_dump
  CONT: Retrying the `ui_dump` command to see if the `adb pull` error was transient. I e

=== TURN 30 [21:16:32] ===
chars: 2726
  [device_ctrl] launch:pkg=com.exteragram.messenger
  CONT: Relaunching ExtraGram. After a short wait, I will execute `adb shell uiautomator

=== TURN 31 [21:17:02] ===
chars: 392
  [device_ctrl] wait:ms=3000
  CONT: Waiting for ExtraGram to load. After the wait, I will execute `adb shell uiautom

=== TURN 32 [21:17:33] ===
chars: 466
  [cmd] adb shell uiautomator dump /sdcard/window_dump.xml
  CONT: Executing `uiautomator dump` on the device. I expect this command to succeed and

=== TURN 33 [21:18:04] ===
chars: 540
  [cmd] adb pull /sdcard/window_dump.xml .
  CONT: Pulling `window_dump.xml` from the device. I expect the file to be successfully 

=== TURN 34 [21:18:32] ===
chars: 558
  [cmd] cat window_dump.xml
  CONT: Reading the `window_dump.xml` file. I expect to see the full XML content, which 

=== TURN 35 [21:18:59] ===
chars: 2927
=== DONE ===
=== END 21:20:17 turns=35 files=[] ===
